Build started 4/29/2017 6:39:01 PM.
     1>Project "E:\lectures\multimedia\labs\lab2_req_mohamed_Ali\lab2_MM\lab2_MM\lab2_MM.vcxproj" on node 2 (Build target(s)).
     1>ClCompile:
         C:\Program Files (x86)\Microsoft Visual Studio 12.0\VC\bin\CL.exe /c /ZI /nologo /W3 /WX- /sdl /Od /Oy- /D WIN32 /D _DEBUG /D _CONSOLE /D _LIB /D _UNICODE /D UNICODE /Gm /EHsc /RTC1 /MDd /GS /fp:precise /Zc:wchar_t /Zc:forScope /Fo"Debug\\" /Fd"Debug\vc120.pdb" /Gd /TP /analyze- /errorReport:prompt CompressionTester.cpp LZW.cpp Reciever.cpp Sender.cpp Source.cpp
         Source.cpp
         Sender.cpp
     1>e:\lectures\multimedia\labs\lab2_req_mohamed_ali\lab2_mm\lab2_mm\sender.cpp(22): warning C4018: '<' : signed/unsigned mismatch
         Reciever.cpp
     1>e:\lectures\multimedia\labs\lab2_req_mohamed_ali\lab2_mm\lab2_mm\reciever.cpp(28): warning C4018: '<' : signed/unsigned mismatch
         LZW.cpp
         CompressionTester.cpp
         Generating Code...
       Link:
         C:\Program Files (x86)\Microsoft Visual Studio 12.0\VC\bin\link.exe /ERRORREPORT:PROMPT /OUT:"E:\lectures\multimedia\labs\lab2_req_mohamed_Ali\lab2_MM\Debug\lab2_MM.exe" /INCREMENTAL /NOLOGO kernel32.lib user32.lib gdi32.lib winspool.lib comdlg32.lib advapi32.lib shell32.lib ole32.lib oleaut32.lib uuid.lib odbc32.lib odbccp32.lib /MANIFEST /MANIFESTUAC:"level='asInvoker' uiAccess='false'" /manifest:embed /DEBUG /PDB:"E:\lectures\multimedia\labs\lab2_req_mohamed_Ali\lab2_MM\Debug\lab2_MM.pdb" /SUBSYSTEM:CONSOLE /TLBID:1 /DYNAMICBASE /NXCOMPAT /IMPLIB:"E:\lectures\multimedia\labs\lab2_req_mohamed_Ali\lab2_MM\Debug\lab2_MM.lib" /MACHINE:X86 Debug\CompressionTester.obj
         Debug\LZW.obj
         Debug\Reciever.obj
         Debug\Sender.obj
         Debug\Source.obj
         lab2_MM.vcxproj -> E:\lectures\multimedia\labs\lab2_req_mohamed_Ali\lab2_MM\Debug\lab2_MM.exe
     1>Done Building Project "E:\lectures\multimedia\labs\lab2_req_mohamed_Ali\lab2_MM\lab2_MM\lab2_MM.vcxproj" (Build target(s)).

Build succeeded.

Time Elapsed 00:00:02.71
